# JRE version: OpenJDK Runtime Environment (7.0_181-b01) (build 1.7.0_181-b01)
# Java VM: OpenJDK 64-Bit Server VM (24.181-b01 mixed mode linux-amd64 compressed oops)
Heap
 PSYoungGen      total 17920K, used 205K [0x00000000f8000000, 0x00000000f9a00000, 0x0000000100000000)
  eden space 10240K, 2% used [0x00000000f8000000,0x00000000f8033528,0x00000000f8a00000)
  from space 7680K, 0% used [0x00000000f9280000,0x00000000f9280000,0x00000000f9a00000)
  to   space 8192K, 0% used [0x00000000f8a00000,0x00000000f8a00000,0x00000000f9200000)
 ParOldGen       total 46080K, used 23669K [0x00000000e8000000, 0x00000000ead00000, 0x00000000f8000000)
  object space 46080K, 51% used [0x00000000e8000000,0x00000000e971d580,0x00000000ead00000)
 PSPermGen       total 80896K, used 40423K [0x00000000d8000000, 0x00000000dcf00000, 0x00000000e8000000)
  object space 80896K, 49% used [0x00000000d8000000,0x00000000da779ca8,0x00000000dcf00000)
GC Heap History (10 events):
Event: 15,807 GC heap before
{Heap before GC invocations=9 (full 0):
 PSYoungGen      total 19456K, used 16648K [0x00000000f8000000, 0x00000000f9c00000, 0x0000000100000000)
  eden space 10240K, 100% used [0x00000000f8000000,0x00000000f8a00000,0x00000000f8a00000)
  from space 9216K, 69% used [0x00000000f9300000,0x00000000f9942008,0x00000000f9c00000)
  to   space 9216K, 0% used [0x00000000f8a00000,0x00000000f8a00000,0x00000000f9300000)
 ParOldGen       total 27648K, used 15101K [0x00000000e8000000, 0x00000000e9b00000, 0x00000000f8000000)
  object space 27648K, 54% used [0x00000000e8000000,0x00000000e8ebf430,0x00000000e9b00000)
 PSPermGen       total 31232K, used 30895K [0x00000000d8000000, 0x00000000d9e80000, 0x00000000e8000000)
  object space 31232K, 98% used [0x00000000d8000000,0x00000000d9e2bda0,0x00000000d9e80000)
Event: 15,815 GC heap after
Heap after GC invocations=9 (full 0):
 PSYoungGen      total 19456K, used 4334K [0x00000000f8000000, 0x00000000f9c00000, 0x0000000100000000)
  eden space 10240K, 0% used [0x00000000f8000000,0x00000000f8000000,0x00000000f8a00000)
  from space 9216K, 47% used [0x00000000f8a00000,0x00000000f8e3b980,0x00000000f9300000)
  to   space 9216K, 0% used [0x00000000f9300000,0x00000000f9300000,0x00000000f9c00000)
 ParOldGen       total 27648K, used 18290K [0x00000000e8000000, 0x00000000e9b00000, 0x00000000f8000000)
  object space 27648K, 66% used [0x00000000e8000000,0x00000000e91dca08,0x00000000e9b00000)
 PSPermGen       total 31232K, used 30895K [0x00000000d8000000, 0x00000000d9e80000, 0x00000000e8000000)
  object space 31232K, 98% used [0x00000000d8000000,0x00000000d9e2bda0,0x00000000d9e80000)
}
Event: 17,089 GC heap before
{Heap before GC invocations=10 (full 0):
 PSYoungGen      total 19456K, used 14561K [0x00000000f8000000, 0x00000000f9c00000, 0x0000000100000000)
  eden space 10240K, 99% used [0x00000000f8000000,0x00000000f89fcc28,0x00000000f8a00000)
  from space 9216K, 47% used [0x00000000f8a00000,0x00000000f8e3b980,0x00000000f9300000)
  to   space 9216K, 0% used [0x00000000f9300000,0x00000000f9300000,0x00000000f9c00000)
 ParOldGen       total 27648K, used 18290K [0x00000000e8000000, 0x00000000e9b00000, 0x00000000f8000000)
  object space 27648K, 66% used [0x00000000e8000000,0x00000000e91dca08,0x00000000e9b00000)
 PSPermGen       total 33792K, used 33405K [0x00000000d8000000, 0x00000000da100000, 0x00000000e8000000)
  object space 33792K, 98% used [0x00000000d8000000,0x00000000da09f6b0,0x00000000da100000)
Event: 17,096 GC heap after
Heap after GC invocations=10 (full 0):
 PSYoungGen      total 18432K, used 4405K [0x00000000f8000000, 0x00000000f9b00000, 0x0000000100000000)
  eden space 10240K, 0% used [0x00000000f8000000,0x00000000f8000000,0x00000000f8a00000)
  from space 8192K, 53% used [0x00000000f9300000,0x00000000f974d530,0x00000000f9b00000)
  to   space 8704K, 0% used [0x00000000f8a00000,0x00000000f8a00000,0x00000000f9280000)
 ParOldGen       total 27648K, used 19788K [0x00000000e8000000, 0x00000000e9b00000, 0x00000000f8000000)
  object space 27648K, 71% used [0x00000000e8000000,0x00000000e93531f8,0x00000000e9b00000)
 PSPermGen       total 33792K, used 33405K [0x00000000d8000000, 0x00000000da100000, 0x00000000e8000000)
  object space 33792K, 98% used [0x00000000d8000000,0x00000000da09f6b0,0x00000000da100000)
}
Event: 17,816 GC heap before
{Heap before GC invocations=11 (full 0):
 PSYoungGen      total 18432K, used 14645K [0x00000000f8000000, 0x00000000f9b00000, 0x0000000100000000)
  eden space 10240K, 100% used [0x00000000f8000000,0x00000000f8a00000,0x00000000f8a00000)
  from space 8192K, 53% used [0x00000000f9300000,0x00000000f974d530,0x00000000f9b00000)
  to   space 8704K, 0% used [0x00000000f8a00000,0x00000000f8a00000,0x00000000f9280000)
 ParOldGen       total 27648K, used 19788K [0x00000000e8000000, 0x00000000e9b00000, 0x00000000f8000000)
  object space 27648K, 71% used [0x00000000e8000000,0x00000000e93531f8,0x00000000e9b00000)
 PSPermGen       total 37376K, used 37038K [0x00000000d8000000, 0x00000000da480000, 0x00000000e8000000)
  object space 37376K, 99% used [0x00000000d8000000,0x00000000da42ba18,0x00000000da480000)
Event: 17,824 GC heap after
Heap after GC invocations=11 (full 0):
 PSYoungGen      total 18944K, used 4000K [0x00000000f8000000, 0x00000000f9b00000, 0x0000000100000000)
  eden space 10240K, 0% used [0x00000000f8000000,0x00000000f8000000,0x00000000f8a00000)
  from space 8704K, 45% used [0x00000000f8a00000,0x00000000f8de8198,0x00000000f9280000)
  to   space 8704K, 0% used [0x00000000f9280000,0x00000000f9280000,0x00000000f9b00000)
 ParOldGen       total 27648K, used 21846K [0x00000000e8000000, 0x00000000e9b00000, 0x00000000f8000000)
  object space 27648K, 79% used [0x00000000e8000000,0x00000000e95558c8,0x00000000e9b00000)
 PSPermGen       total 37376K, used 37038K [0x00000000d8000000, 0x00000000da480000, 0x00000000e8000000)
  object space 37376K, 99% used [0x00000000d8000000,0x00000000da42ba18,0x00000000da480000)
}
Event: 18,722 GC heap before
{Heap before GC invocations=12 (full 0):
 PSYoungGen      total 18944K, used 14240K [0x00000000f8000000, 0x00000000f9b00000, 0x0000000100000000)
  eden space 10240K, 100% used [0x00000000f8000000,0x00000000f8a00000,0x00000000f8a00000)
  from space 8704K, 45% used [0x00000000f8a00000,0x00000000f8de8198,0x00000000f9280000)
  to   space 8704K, 0% used [0x00000000f9280000,0x00000000f9280000,0x00000000f9b00000)
 ParOldGen       total 27648K, used 21846K [0x00000000e8000000, 0x00000000e9b00000, 0x00000000f8000000)
  object space 27648K, 79% used [0x00000000e8000000,0x00000000e95558c8,0x00000000e9b00000)
 PSPermGen       total 40448K, used 40421K [0x00000000d8000000, 0x00000000da780000, 0x00000000e8000000)
  object space 40448K, 99% used [0x00000000d8000000,0x00000000da7795a0,0x00000000da780000)
Event: 18,728 GC heap after
Heap after GC invocations=12 (full 0):
 PSYoungGen      total 17920K, used 4355K [0x00000000f8000000, 0x00000000f9a00000, 0x0000000100000000)
  eden space 10240K, 0% used [0x00000000f8000000,0x00000000f8000000,0x00000000f8a00000)
  from space 7680K, 56% used [0x00000000f9280000,0x00000000f96c0cd0,0x00000000f9a00000)
  to   space 8192K, 0% used [0x00000000f8a00000,0x00000000f8a00000,0x00000000f9200000)
 ParOldGen       total 27648K, used 22597K [0x00000000e8000000, 0x00000000e9b00000, 0x00000000f8000000)
  object space 27648K, 81% used [0x00000000e8000000,0x00000000e96116b0,0x00000000e9b00000)
 PSPermGen       total 40448K, used 40421K [0x00000000d8000000, 0x00000000da780000, 0x00000000e8000000)
  object space 40448K, 99% used [0x00000000d8000000,0x00000000da7795a0,0x00000000da780000)
}
Event: 18,728 GC heap before
{Heap before GC invocations=13 (full 1):
 PSYoungGen      total 17920K, used 4355K [0x00000000f8000000, 0x00000000f9a00000, 0x0000000100000000)
  eden space 10240K, 0% used [0x00000000f8000000,0x00000000f8000000,0x00000000f8a00000)
  from space 7680K, 56% used [0x00000000f9280000,0x00000000f96c0cd0,0x00000000f9a00000)
  to   space 8192K, 0% used [0x00000000f8a00000,0x00000000f8a00000,0x00000000f9200000)
 ParOldGen       total 27648K, used 22597K [0x00000000e8000000, 0x00000000e9b00000, 0x00000000f8000000)
  object space 27648K, 81% used [0x00000000e8000000,0x00000000e96116b0,0x00000000e9b00000)
 PSPermGen       total 40448K, used 40421K [0x00000000d8000000, 0x00000000da780000, 0x00000000e8000000)
  object space 40448K, 99% used [0x00000000d8000000,0x00000000da7795a0,0x00000000da780000)
Event: 18,905 GC heap after
Heap after GC invocations=13 (full 1):
 PSYoungGen      total 17920K, used 0K [0x00000000f8000000, 0x00000000f9a00000, 0x0000000100000000)
  eden space 10240K, 0% used [0x00000000f8000000,0x00000000f8000000,0x00000000f8a00000)
  from space 7680K, 0% used [0x00000000f9280000,0x00000000f9280000,0x00000000f9a00000)
  to   space 8192K, 0% used [0x00000000f8a00000,0x00000000f8a00000,0x00000000f9200000)
 ParOldGen       total 46080K, used 23669K [0x00000000e8000000, 0x00000000ead00000, 0x00000000f8000000)
  object space 46080K, 51% used [0x00000000e8000000,0x00000000e971d580,0x00000000ead00000)
 PSPermGen       total 80896K, used 40410K [0x00000000d8000000, 0x00000000dcf00000, 0x00000000e8000000)
  object space 80896K, 49% used [0x00000000d8000000,0x00000000da7769e8,0x00000000dcf00000)
}

